<?xml version="1.0" encoding="UTF-8"?>
<!-- Generated by org.testng.reporters.JUnitXMLReporter -->
<testsuite ignored="0" hostname="Wiz-Workstation" failures="0" tests="3" name="MyTestClass" time="0.823" errors="0" timestamp="2024-01-18T04:17:09 IST">
  <testcase classname="com.bitmutex.shortener.AnalyticsControllerTest" name="testGetAnalyticsDataWithInvalidShortUrl" time="0.016"/>
  <testcase classname="com.bitmutex.shortener.AnalyticsControllerTest" name="testGetAnalyticsDataWithValidShortUrl" time="0.004"/>
  <testcase classname="com.bitmutex.shortener.AnalyticsTest" name="testAnalyticsEntity" time="0.001"/>
</testsuite> <!-- MyTestClass -->
