<?xml version="1.0" encoding="UTF-8"?>
<!-- Generated by org.testng.reporters.JUnitXMLReporter -->
<testsuite ignored="0" hostname="Wiz-Workstation" failures="0" tests="3" name="URLShortener" time="0.84" errors="0" timestamp="2024-01-18T03:45:09 IST">
  <testcase classname="com.bitmutex.shortener.AnalyticsTest" name="testAnalyticsEntity" time="0.006"/>
  <testcase classname="com.bitmutex.shortener.AnalyticsControllerTest" name="testGetAnalyticsDataWithInvalidShortUrl" time="0.022"/>
  <testcase classname="com.bitmutex.shortener.AnalyticsControllerTest" name="testGetAnalyticsDataWithValidShortUrl" time="0.005"/>
</testsuite> <!-- URLShortener -->
